04/13/2019 22:51:53 PM - INFO - command is parsered--play
04/13/2019 22:51:53 PM - INFO - command--play parser SUCCESS
04/13/2019 22:52:09 PM - INFO - command is parsered--p
04/13/2019 22:52:09 PM - INFO - command-p parser SUCCESS
04/13/2019 22:52:14 PM - INFO - command is parsered--n
04/13/2019 22:52:14 PM - INFO - command-n parser SUCCESS
04/13/2019 22:52:16 PM - INFO - command is parsered--up
04/13/2019 22:52:16 PM - INFO - command-up parser SUCCESS
04/13/2019 22:52:18 PM - INFO - command is parsered--down
04/13/2019 22:52:18 PM - INFO - command-down parser SUCCESS
04/13/2019 22:52:20 PM - INFO - command is parsered--pause
04/13/2019 22:52:20 PM - INFO - command-pause parser SUCCESS
04/13/2019 22:52:23 PM - INFO - command is parsered--stop
04/13/2019 22:52:23 PM - INFO - command-stop parser SUCCESS
04/13/2019 22:52:26 PM - INFO - command is parsered--lyric
04/13/2019 22:52:26 PM - INFO - command-lyric parser SUCCESS
04/13/2019 22:52:28 PM - INFO - command is parsered--mode
04/13/2019 22:52:28 PM - INFO - command-mode parser SUCCESS
04/13/2019 22:52:35 PM - INFO - command is parsered--mode
04/13/2019 22:52:35 PM - INFO - command-mode parser SUCCESS
04/13/2019 22:52:43 PM - INFO - command is parsered--delete
04/13/2019 22:52:43 PM - INFO - command-delete parser SUCCESS
